#
# There is insufficient memory for the Java Runtime Environment to continue.
# Native memory allocation (malloc) failed to allocate 1048576 bytes for AllocateHeap
# Possible reasons:
#   The system is out of physical RAM or swap space
#   In 32 bit mode, the process size limit was hit
# Possible solutions:
#   Reduce memory load on the system
#   Increase physical memory or swap space
#   Check if swap backing store is full
#   Use 64 bit Java on a 64 bit OS
#   Decrease Java heap size (-Xmx/-Xms)
#   Decrease number of Java threads
#   Decrease Java thread stack sizes (-Xss)
#   Set larger code cache with -XX:ReservedCodeCacheSize=
# This output file may be truncated or incomplete.
#
#  Out of Memory Error (memory/allocation.inline.hpp:61), pid=5464, tid=0x0000000000002918
#
# JRE version:  (8.0_111-b14) (build )
# Java VM: Java HotSpot(TM) 64-Bit Server VM (25.111-b14 mixed mode windows-amd64 compressed oops)
# Failed to write core dump. Minidumps are not enabled by default on client versions of Windows
#

---------------  T H R E A D  ---------------

Current thread (0x00000000022b0800):  JavaThread "Unknown thread" [_thread_in_vm, id=10520, stack(0x00000000009e0000,0x0000000000ae0000)]

Stack: [0x00000000009e0000,0x0000000000ae0000]
[error occurred during error reporting (printing stack bounds), id 0xc0000005]

Native frames: (J=compiled Java code, j=interpreted, Vv=VM code, C=native code)


---------------  P R O C E S S  ---------------

Java Threads: ( => current thread )

Other Threads:

=>0x00000000022b0800 (exited) JavaThread "Unknown thread" [_thread_in_vm, id=10520, stack(0x00000000009e0000,0x0000000000ae0000)]

VM state:not at safepoint (normal execution)

VM Mutex/Monitor currently owned by a thread: None

Heap:
 PSYoungGen      total 76288K, used 1310K [0x000000076b180000, 0x0000000770680000, 0x00000007c0000000)
  eden space 65536K, 2% used [0x000000076b180000,0x000000076b2c7af0,0x000000076f180000)
  from space 10752K, 0% used [0x000000076fc00000,0x000000076fc00000,0x0000000770680000)
  to   space 10752K, 0% used [0x000000076f180000,0x000000076f180000,0x000000076fc00000)
 ParOldGen       total 175104K, used 0K [0x00000006c1400000, 0x00000006cbf00000, 0x000000076b180000)
  object space 175104K, 0% used [0x00000006c1400000,0x00000006c1400000,0x00000006cbf00000)
 Metaspace       used 770K, capacity 4480K, committed 4480K, reserved 1056768K
  class space    used 75K, capacity 384K, committed 384K, reserved 1048576K

Card table byte_map: [0x0000000011810000,0x0000000012010000] byte_map_base: 0x000000000e206000

Marking Bits: (ParMarkBitMap*) 0x0000000059eaa6c0
 Begin Bits: [0x0000000012d60000, 0x0000000016d10000)
 End Bits:   [0x0000000016d10000, 0x000000001acc0000)

Polling page: 0x0000000000550000

CodeCache: size=245760Kb used=328Kb max_used=328Kb free=245431Kb
 bounds [0x0000000002450000, 0x00000000026c0000, 0x0000000011450000]
 total_blobs=58 nmethods=0 adapters=38
 compilation: enabled

Compilation events (0 events):
No events

GC Heap History (0 events):
No events

Deoptimization events (0 events):
No events

Internal exceptions (0 events):
No events

Events (10 events):
Event: 0.015 loading class java/lang/Short
Event: 0.015 loading class java/lang/Short done
Event: 0.015 loading class java/lang/Integer
Event: 0.015 loading class java/lang/Integer done
Event: 0.015 loading class java/lang/Long
Event: 0.015 loading class java/lang/Long done
Event: 0.015 loading class java/lang/NullPointerException
Event: 0.015 loading class java/lang/NullPointerException done
Event: 0.015 loading class java/lang/ArithmeticException
Event: 0.015 loading class java/lang/ArithmeticException done


Dynamic libraries:
0x00007ff759d80000 - 0x00007ff759db7000 	C:\Program Files\Java\jdk1.8.0_111\bin\java.exe
0x00007ffcd8300000 - 0x00007ffcd84f0000 	C:\WINDOWS\SYSTEM32\ntdll.dll
0x00007ffcd6eb0000 - 0x00007ffcd6f62000 	C:\WINDOWS\System32\KERNEL32.DLL
0x00007ffcd5bf0000 - 0x00007ffcd5e95000 	C:\WINDOWS\System32\KERNELBASE.dll
0x00007ffcd6d90000 - 0x00007ffcd6e33000 	C:\WINDOWS\System32\ADVAPI32.dll
0x00007ffcd8100000 - 0x00007ffcd819e000 	C:\WINDOWS\System32\msvcrt.dll
0x00007ffcd6b80000 - 0x00007ffcd6c17000 	C:\WINDOWS\System32\sechost.dll
0x00007ffcd6720000 - 0x00007ffcd6840000 	C:\WINDOWS\System32\RPCRT4.dll
0x00007ffcd76a0000 - 0x00007ffcd7835000 	C:\WINDOWS\System32\USER32.dll
0x00007ffcd5bc0000 - 0x00007ffcd5be1000 	C:\WINDOWS\System32\win32u.dll
0x00007ffcd7670000 - 0x00007ffcd7696000 	C:\WINDOWS\System32\GDI32.dll
0x00007ffcd61e0000 - 0x00007ffcd6376000 	C:\WINDOWS\System32\gdi32full.dll
0x00007ffcd6040000 - 0x00007ffcd60de000 	C:\WINDOWS\System32\msvcp_win.dll
0x00007ffcd5f40000 - 0x00007ffcd603a000 	C:\WINDOWS\System32\ucrtbase.dll
0x00007ffcd46b0000 - 0x00007ffcd4934000 	C:\WINDOWS\WinSxS\amd64_microsoft.windows.common-controls_6595b64144ccf1df_6.0.18362.1082_none_9e8193e1e45b25c1\COMCTL32.dll
0x00007ffcd6840000 - 0x00007ffcd6b75000 	C:\WINDOWS\System32\combase.dll
0x00007ffcd5ea0000 - 0x00007ffcd5f20000 	C:\WINDOWS\System32\bcryptPrimitives.dll
0x00007ffcd6460000 - 0x00007ffcd648e000 	C:\WINDOWS\System32\IMM32.DLL
0x000000005a490000 - 0x000000005a562000 	C:\Program Files\Java\jdk1.8.0_111\jre\bin\msvcr100.dll
0x0000000059690000 - 0x0000000059f2a000 	C:\Program Files\Java\jdk1.8.0_111\jre\bin\server\jvm.dll
0x00007ffcd7ec0000 - 0x00007ffcd7ec8000 	C:\WINDOWS\System32\PSAPI.DLL
0x00007ffcb8e70000 - 0x00007ffcb8e79000 	C:\WINDOWS\SYSTEM32\WSOCK32.dll
0x00007ffcd2c90000 - 0x00007ffcd2cb4000 	C:\WINDOWS\SYSTEM32\WINMM.dll
0x00007ffccdb70000 - 0x00007ffccdb7a000 	C:\WINDOWS\SYSTEM32\VERSION.dll
0x00007ffcd8250000 - 0x00007ffcd82bf000 	C:\WINDOWS\System32\WS2_32.dll
0x00007ffcd2b30000 - 0x00007ffcd2b5d000 	C:\WINDOWS\SYSTEM32\WINMMBASE.dll
0x00007ffcd6190000 - 0x00007ffcd61da000 	C:\WINDOWS\System32\cfgmgr32.dll
0x000000005a710000 - 0x000000005a71f000 	C:\Program Files\Java\jdk1.8.0_111\jre\bin\verify.dll
0x000000005a420000 - 0x000000005a449000 	C:\Program Files\Java\jdk1.8.0_111\jre\bin\java.dll
0x000000005a400000 - 0x000000005a416000 	C:\Program Files\Java\jdk1.8.0_111\jre\bin\zip.dll

VM Arguments:
jvm_args: -Dfile.encoding=UTF-8 
java_command: chatapp.client
java_class_path (initial): D:\Files\Documents\NetBeansProjects\Edureka-Trivia-Game\chatapp\build\classes
Launcher Type: SUN_STANDARD

Environment Variables:
PATH=C:\Program Files\Java\jdk1.8.0_111\bin;D:\Programs\Git\cmd;C:\Program Files\dotnet\;C:\Windows\System32\;C:\Program Files\Java\jdk1.8.0_111\bin;C:\Users\Nxc\AppData\Local\Programs\Microsoft VS Code\bin;C:\Program Files\nodejs;C:\Users\Nxc\.dotnet\tools;C:\Users\Nxc\Desktop\Tools\Xampp\php;C:\Windows\System32\;
USERNAME=Nxc
OS=Windows_NT
PROCESSOR_IDENTIFIER=Intel64 Family 6 Model 158 Stepping 12, GenuineIntel



---------------  S Y S T E M  ---------------

OS: Windows 10.0 , 64 bit Build 18362 (10.0.18362.1082)

CPU:total 8 (8 cores per cpu, 1 threads per core) family 6 model 158 stepping 12, cmov, cx8, fxsr, mmx, sse, sse2, sse3, ssse3, sse4.1, sse4.2, popcnt, avx, avx2, aes, clmul, erms, rtm, 3dnowpref, lzcnt, tsc, tscinvbit, bmi1, bmi2, adx

Memory: 4k page, physical 16690428k(7821056k free), swap 18594764k(5288k free)

vm_info: Java HotSpot(TM) 64-Bit Server VM (25.111-b14) for windows-amd64 JRE (1.8.0_111-b14), built on Sep 22 2016 19:24:05 by "java_re" with MS VC++ 10.0 (VS2010)

time: Mon Oct 19 09:22:14 2020
elapsed time: 0 seconds (0d 0h 0m 0s)

