#
# There is insufficient memory for the Java Runtime Environment to continue.
# Native memory allocation (malloc) failed to allocate 37536 bytes for Chunk::new
# Possible reasons:
#   The system is out of physical RAM or swap space
#   In 32 bit mode, the process size limit was hit
# Possible solutions:
#   Reduce memory load on the system
#   Increase physical memory or swap space
#   Check if swap backing store is full
#   Use 64 bit Java on a 64 bit OS
#   Decrease Java heap size (-Xmx/-Xms)
#   Decrease number of Java threads
#   Decrease Java thread stack sizes (-Xss)
#   Set larger code cache with -XX:ReservedCodeCacheSize=
# This output file may be truncated or incomplete.
#
#  Out of Memory Error (allocation.cpp:390), pid=7792, tid=0x00000000000057f8
#
# JRE version: Java(TM) SE Runtime Environment (8.0_111-b14) (build 1.8.0_111-b14)
# Java VM: Java HotSpot(TM) 64-Bit Server VM (25.111-b14 mixed mode windows-amd64 compressed oops)
# Failed to write core dump. Minidumps are not enabled by default on client versions of Windows
#

---------------  T H R E A D  ---------------

Current thread (0x000000001616c800):  JavaThread "C2 CompilerThread1" daemon [_thread_in_native, id=22520, stack(0x0000000016a50000,0x0000000016b50000)]

Stack: [0x0000000016a50000,0x0000000016b50000]
[error occurred during error reporting (printing stack bounds), id 0xc0000005]

Native frames: (J=compiled Java code, j=interpreted, Vv=VM code, C=native code)


Current CompileTask:
C2:   2726  265       4       jdk.internal.org.objectweb.asm.ByteVector::putUTF8 (142 bytes)


---------------  P R O C E S S  ---------------

Java Threads: ( => current thread )
  0x00000000164fd000 JavaThread "RMI TCP Connection(1)-172.17.248.129" daemon [_thread_in_native, id=1564, stack(0x0000000017f40000,0x0000000018040000)]
  0x00000000027fe000 JavaThread "DestroyJavaVM" [_thread_blocked, id=9280, stack(0x0000000002800000,0x0000000002900000)]
  0x00000000164fc000 JavaThread "RMI TCP Accept-1099" daemon [_thread_in_native, id=26336, stack(0x0000000017e40000,0x0000000017f40000)]
  0x0000000016510000 JavaThread "GC Daemon" daemon [_thread_blocked, id=8240, stack(0x0000000017d40000,0x0000000017e40000)]
  0x0000000016488800 JavaThread "RMI Reaper" [_thread_blocked, id=12152, stack(0x0000000017c40000,0x0000000017d40000)]
  0x0000000016539000 JavaThread "RMI TCP Accept-0" daemon [_thread_in_native, id=7752, stack(0x0000000017b40000,0x0000000017c40000)]
  0x00000000161c4800 JavaThread "Service Thread" daemon [_thread_blocked, id=13072, stack(0x0000000016d50000,0x0000000016e50000)]
  0x000000001617b000 JavaThread "C1 CompilerThread3" daemon [_thread_in_native, id=14504, stack(0x0000000016c50000,0x0000000016d50000)]
  0x0000000016170800 JavaThread "C2 CompilerThread2" daemon [_thread_blocked, id=21980, stack(0x0000000016b50000,0x0000000016c50000)]
=>0x000000001616c800 JavaThread "C2 CompilerThread1" daemon [_thread_in_native, id=22520, stack(0x0000000016a50000,0x0000000016b50000)]
  0x000000001616a000 JavaThread "C2 CompilerThread0" daemon [_thread_blocked, id=21400, stack(0x0000000016950000,0x0000000016a50000)]
  0x0000000016168800 JavaThread "Attach Listener" daemon [_thread_blocked, id=20484, stack(0x0000000016850000,0x0000000016950000)]
  0x0000000016167000 JavaThread "Signal Dispatcher" daemon [_thread_blocked, id=17180, stack(0x0000000016750000,0x0000000016850000)]
  0x00000000029fe800 JavaThread "Finalizer" daemon [_thread_blocked, id=23324, stack(0x0000000016540000,0x0000000016640000)]
  0x00000000029f7000 JavaThread "Reference Handler" daemon [_thread_blocked, id=22204, stack(0x0000000016040000,0x0000000016140000)]

Other Threads:
  0x0000000014269800 VMThread [stack: 0x0000000015f40000,0x0000000016040000] [id=21524]
  0x00000000161c6800 WatcherThread [stack: 0x0000000016e50000,0x0000000016f50000] [id=14376]

VM state:not at safepoint (normal execution)

VM Mutex/Monitor currently owned by a thread: None

Heap:
 PSYoungGen      total 76288K, used 5244K [0x00000000f5580000, 0x00000000faa80000, 0x0000000100000000)
  eden space 65536K, 8% used [0x00000000f5580000,0x00000000f5a9f0c0,0x00000000f9580000)
  from space 10752K, 0% used [0x00000000f9580000,0x00000000f9580000,0x00000000fa000000)
  to   space 10752K, 0% used [0x00000000fa000000,0x00000000fa000000,0x00000000faa80000)
 ParOldGen       total 175104K, used 541K [0x00000000e0000000, 0x00000000eab00000, 0x00000000f5580000)
  object space 175104K, 0% used [0x00000000e0000000,0x00000000e0087738,0x00000000eab00000)
 Metaspace       used 5266K, capacity 5386K, committed 5632K, reserved 1056768K
  class space    used 600K, capacity 643K, committed 768K, reserved 1048576K

Card table byte_map: [0x0000000011dc0000,0x0000000011ed0000] byte_map_base: 0x00000000116c0000

Marking Bits: (ParMarkBitMap*) 0x000000005a6ba6c0
 Begin Bits: [0x0000000012780000, 0x0000000012f80000)
 End Bits:   [0x0000000012f80000, 0x0000000013780000)

Polling page: 0x0000000000f70000

CodeCache: size=245760Kb used=1518Kb max_used=1522Kb free=244241Kb
 bounds [0x0000000002a00000, 0x0000000002c70000, 0x0000000011a00000]
 total_blobs=558 nmethods=258 adapters=213
 compilation: enabled

Compilation events (10 events):
Event: 2.723 Thread 0x0000000016170800  242       4       java.lang.AbstractStringBuilder::ensureCapacityInternal (27 bytes)
Event: 2.723 Thread 0x000000001617b000  243       3       jdk.internal.org.objectweb.asm.Type::getArgumentsAndReturnSizes (151 bytes)
Event: 2.724 Thread 0x000000001617b000 nmethod 243 0x0000000002b74710 code [0x0000000002b74940, 0x0000000002b756d8]
Event: 2.724 Thread 0x000000001617b000  244       3       java.lang.invoke.InvokerBytecodeGenerator::isStaticallyNameable (116 bytes)
Event: 2.725 Thread 0x000000001617b000 nmethod 244 0x0000000002b76210 code [0x0000000002b76580, 0x0000000002b78658]
Event: 2.725 Thread 0x000000001617b000  254       3       java.util.concurrent.ConcurrentHashMap::get (162 bytes)
Event: 2.725 Thread 0x0000000016170800 nmethod 242 0x0000000002b7c950 code [0x0000000002b7caa0, 0x0000000002b7cd58]
Event: 2.725 Thread 0x000000001617b000 nmethod 254 0x0000000002b79c50 code [0x0000000002b79e60, 0x0000000002b7a9d8]
Event: 2.725 Thread 0x000000001617b000  248       3       jdk.internal.org.objectweb.asm.Frame::execute (2252 bytes)
Event: 2.726 Thread 0x000000001616c800  265       4       jdk.internal.org.objectweb.asm.ByteVector::putUTF8 (142 bytes)

GC Heap History (4 events):
Event: 0.326 GC heap before
{Heap before GC invocations=1 (full 0):
 PSYoungGen      total 76288K, used 5243K [0x00000000f5580000, 0x00000000faa80000, 0x0000000100000000)
  eden space 65536K, 8% used [0x00000000f5580000,0x00000000f5a9ec18,0x00000000f9580000)
  from space 10752K, 0% used [0x00000000fa000000,0x00000000fa000000,0x00000000faa80000)
  to   space 10752K, 0% used [0x00000000f9580000,0x00000000f9580000,0x00000000fa000000)
 ParOldGen       total 175104K, used 0K [0x00000000e0000000, 0x00000000eab00000, 0x00000000f5580000)
  object space 175104K, 0% used [0x00000000e0000000,0x00000000e0000000,0x00000000eab00000)
 Metaspace       used 4534K, capacity 4632K, committed 4992K, reserved 1056768K
  class space    used 517K, capacity 524K, committed 640K, reserved 1048576K
Event: 0.327 GC heap after
Heap after GC invocations=1 (full 0):
 PSYoungGen      total 76288K, used 752K [0x00000000f5580000, 0x00000000faa80000, 0x0000000100000000)
  eden space 65536K, 0% used [0x00000000f5580000,0x00000000f5580000,0x00000000f9580000)
  from space 10752K, 6% used [0x00000000f9580000,0x00000000f963c010,0x00000000fa000000)
  to   space 10752K, 0% used [0x00000000fa000000,0x00000000fa000000,0x00000000faa80000)
 ParOldGen       total 175104K, used 8K [0x00000000e0000000, 0x00000000eab00000, 0x00000000f5580000)
  object space 175104K, 0% used [0x00000000e0000000,0x00000000e0002000,0x00000000eab00000)
 Metaspace       used 4534K, capacity 4632K, committed 4992K, reserved 1056768K
  class space    used 517K, capacity 524K, committed 640K, reserved 1048576K
}
Event: 0.327 GC heap before
{Heap before GC invocations=2 (full 1):
 PSYoungGen      total 76288K, used 752K [0x00000000f5580000, 0x00000000faa80000, 0x0000000100000000)
  eden space 65536K, 0% used [0x00000000f5580000,0x00000000f5580000,0x00000000f9580000)
  from space 10752K, 6% used [0x00000000f9580000,0x00000000f963c010,0x00000000fa000000)
  to   space 10752K, 0% used [0x00000000fa000000,0x00000000fa000000,0x00000000faa80000)
 ParOldGen       total 175104K, used 8K [0x00000000e0000000, 0x00000000eab00000, 0x00000000f5580000)
  object space 175104K, 0% used [0x00000000e0000000,0x00000000e0002000,0x00000000eab00000)
 Metaspace       used 4534K, capacity 4632K, committed 4992K, reserved 1056768K
  class space    used 517K, capacity 524K, committed 640K, reserved 1048576K
Event: 0.330 GC heap after
Heap after GC invocations=2 (full 1):
 PSYoungGen      total 76288K, used 0K [0x00000000f5580000, 0x00000000faa80000, 0x0000000100000000)
  eden space 65536K, 0% used [0x00000000f5580000,0x00000000f5580000,0x00000000f9580000)
  from space 10752K, 0% used [0x00000000f9580000,0x00000000f9580000,0x00000000fa000000)
  to   space 10752K, 0% used [0x00000000fa000000,0x00000000fa000000,0x00000000faa80000)
 ParOldGen       total 175104K, used 541K [0x00000000e0000000, 0x00000000eab00000, 0x00000000f5580000)
  object space 175104K, 0% used [0x00000000e0000000,0x00000000e0087738,0x00000000eab00000)
 Metaspace       used 4534K, capacity 4632K, committed 4992K, reserved 1056768K
  class space    used 517K, capacity 524K, committed 640K, reserved 1048576K
}

Deoptimization events (0 events):
No events

Internal exceptions (4 events):
Event: 0.021 Thread 0x00000000027fe000 Exception <a 'java/lang/NoSuchMethodError': Method sun.misc.Unsafe.defineClass(Ljava/lang/String;[BII)Ljava/lang/Class; name or signature does not match> (0x00000000f5587c78) thrown at [C:\re\workspace\8-2-build-windows-amd64-cygwin\jdk8u111\7883\hotspot\
Event: 0.021 Thread 0x00000000027fe000 Exception <a 'java/lang/NoSuchMethodError': Method sun.misc.Unsafe.prefetchRead(Ljava/lang/Object;J)V name or signature does not match> (0x00000000f5587f60) thrown at [C:\re\workspace\8-2-build-windows-amd64-cygwin\jdk8u111\7883\hotspot\src\share\vm\prims
Event: 2.725 Thread 0x00000000164fd000 Exception <a 'java/lang/NoSuchFieldError': method resolution failed> (0x00000000f5a209f8) thrown at [C:\re\workspace\8-2-build-windows-amd64-cygwin\jdk8u111\7883\hotspot\src\share\vm\prims\methodHandles.cpp, line 1146]
Event: 2.726 Thread 0x00000000164fd000 Exception <a 'java/lang/NoSuchFieldError': method resolution failed> (0x00000000f5a2ddc8) thrown at [C:\re\workspace\8-2-build-windows-amd64-cygwin\jdk8u111\7883\hotspot\src\share\vm\prims\methodHandles.cpp, line 1146]

Events (10 events):
Event: 2.719 loading class java/lang/invoke/WrongMethodTypeException
Event: 2.719 loading class java/lang/invoke/WrongMethodTypeException done
Event: 2.720 loading class java/lang/invoke/MethodHandleImpl$Lazy
Event: 2.720 loading class java/lang/invoke/MethodHandleImpl$Lazy done
Event: 2.720 loading class java/lang/invoke/MethodHandleImpl$IntrinsicMethodHandle
Event: 2.720 loading class java/lang/invoke/MethodHandleImpl$IntrinsicMethodHandle done
Event: 2.725 loading class java/lang/NoSuchFieldError
Event: 2.725 loading class java/lang/NoSuchFieldError done
Event: 2.725 loading class java/lang/IllegalAccessException
Event: 2.725 loading class java/lang/IllegalAccessException done


Dynamic libraries:
0x00007ff7ced90000 - 0x00007ff7cedc7000 	C:\Program Files\Java\jdk1.8.0_111\bin\java.exe
0x00007ffd3e6c0000 - 0x00007ffd3e8b0000 	C:\WINDOWS\SYSTEM32\ntdll.dll
0x00007ffd3d990000 - 0x00007ffd3da42000 	C:\WINDOWS\System32\KERNEL32.DLL
0x00007ffd3bfa0000 - 0x00007ffd3c245000 	C:\WINDOWS\System32\KERNELBASE.dll
0x00007ffd3ceb0000 - 0x00007ffd3cf53000 	C:\WINDOWS\System32\ADVAPI32.dll
0x00007ffd3cf60000 - 0x00007ffd3cffe000 	C:\WINDOWS\System32\msvcrt.dll
0x00007ffd3c7f0000 - 0x00007ffd3c887000 	C:\WINDOWS\System32\sechost.dll
0x00007ffd3d870000 - 0x00007ffd3d990000 	C:\WINDOWS\System32\RPCRT4.dll
0x00007ffd3cd10000 - 0x00007ffd3cea5000 	C:\WINDOWS\System32\USER32.dll
0x00007ffd3b7f0000 - 0x00007ffd3b811000 	C:\WINDOWS\System32\win32u.dll
0x00007ffd3e380000 - 0x00007ffd3e3a6000 	C:\WINDOWS\System32\GDI32.dll
0x00007ffd3c2b0000 - 0x00007ffd3c446000 	C:\WINDOWS\System32\gdi32full.dll
0x00007ffd3c5a0000 - 0x00007ffd3c63e000 	C:\WINDOWS\System32\msvcp_win.dll
0x00007ffd3c4a0000 - 0x00007ffd3c59a000 	C:\WINDOWS\System32\ucrtbase.dll
0x00007ffd2b980000 - 0x00007ffd2bc04000 	C:\WINDOWS\WinSxS\amd64_microsoft.windows.common-controls_6595b64144ccf1df_6.0.18362.1082_none_9e8193e1e45b25c1\COMCTL32.dll
0x00007ffd3dc50000 - 0x00007ffd3df85000 	C:\WINDOWS\System32\combase.dll
0x00007ffd3c640000 - 0x00007ffd3c6c0000 	C:\WINDOWS\System32\bcryptPrimitives.dll
0x00007ffd3d0d0000 - 0x00007ffd3d0fe000 	C:\WINDOWS\System32\IMM32.DLL
0x000000005ac40000 - 0x000000005ad12000 	C:\Program Files\Java\jdk1.8.0_111\jre\bin\msvcr100.dll
0x0000000059ea0000 - 0x000000005a73a000 	C:\Program Files\Java\jdk1.8.0_111\jre\bin\server\jvm.dll
0x00007ffd3df90000 - 0x00007ffd3df98000 	C:\WINDOWS\System32\PSAPI.DLL
0x00007ffd394a0000 - 0x00007ffd394c4000 	C:\WINDOWS\SYSTEM32\WINMM.dll
0x00007ffd34e40000 - 0x00007ffd34e4a000 	C:\WINDOWS\SYSTEM32\VERSION.dll
0x00007ffd21720000 - 0x00007ffd21729000 	C:\WINDOWS\SYSTEM32\WSOCK32.dll
0x00007ffd3dad0000 - 0x00007ffd3db3f000 	C:\WINDOWS\System32\WS2_32.dll
0x00007ffd39100000 - 0x00007ffd3912d000 	C:\WINDOWS\SYSTEM32\winmmbase.dll
0x00007ffd3c450000 - 0x00007ffd3c49a000 	C:\WINDOWS\System32\cfgmgr32.dll
0x000000005abf0000 - 0x000000005abff000 	C:\Program Files\Java\jdk1.8.0_111\jre\bin\verify.dll
0x000000005abc0000 - 0x000000005abe9000 	C:\Program Files\Java\jdk1.8.0_111\jre\bin\java.dll
0x000000005aba0000 - 0x000000005abb6000 	C:\Program Files\Java\jdk1.8.0_111\jre\bin\zip.dll
0x00007ffd3d180000 - 0x00007ffd3d867000 	C:\WINDOWS\System32\SHELL32.dll
0x00007ffd3dba0000 - 0x00007ffd3dc49000 	C:\WINDOWS\System32\shcore.dll
0x00007ffd3b820000 - 0x00007ffd3bfa0000 	C:\WINDOWS\System32\windows.storage.dll
0x00007ffd3b600000 - 0x00007ffd3b623000 	C:\WINDOWS\System32\profapi.dll
0x00007ffd3b590000 - 0x00007ffd3b5da000 	C:\WINDOWS\System32\powrprof.dll
0x00007ffd3b580000 - 0x00007ffd3b590000 	C:\WINDOWS\System32\UMPDC.dll
0x00007ffd3da70000 - 0x00007ffd3dac2000 	C:\WINDOWS\System32\shlwapi.dll
0x00007ffd3b5e0000 - 0x00007ffd3b5f1000 	C:\WINDOWS\System32\kernel.appcore.dll
0x00007ffd3b650000 - 0x00007ffd3b667000 	C:\WINDOWS\System32\cryptsp.dll
0x00007ffd3a940000 - 0x00007ffd3a973000 	C:\WINDOWS\system32\rsaenh.dll
0x00007ffd3b670000 - 0x00007ffd3b696000 	C:\WINDOWS\System32\bcrypt.dll
0x00007ffd3b460000 - 0x00007ffd3b485000 	C:\WINDOWS\SYSTEM32\USERENV.dll
0x00007ffd3afa0000 - 0x00007ffd3afac000 	C:\WINDOWS\SYSTEM32\CRYPTBASE.dll
0x000000005ab80000 - 0x000000005ab9a000 	C:\Program Files\Java\jdk1.8.0_111\jre\bin\net.dll
0x00007ffd3add0000 - 0x00007ffd3ae37000 	C:\WINDOWS\system32\mswsock.dll
0x00007ffd3aae0000 - 0x00007ffd3ab1a000 	C:\WINDOWS\SYSTEM32\IPHLPAPI.DLL
0x00007ffd3cd00000 - 0x00007ffd3cd08000 	C:\WINDOWS\System32\NSI.dll
0x00007ffd33650000 - 0x00007ffd33666000 	C:\WINDOWS\SYSTEM32\dhcpcsvc6.DLL
0x00007ffd33880000 - 0x00007ffd3389c000 	C:\WINDOWS\SYSTEM32\dhcpcsvc.DLL
0x00007ffd3ab20000 - 0x00007ffd3abeb000 	C:\WINDOWS\SYSTEM32\DNSAPI.dll
0x000000005ab60000 - 0x000000005ab71000 	C:\Program Files\Java\jdk1.8.0_111\jre\bin\nio.dll
0x00007ffd21280000 - 0x00007ffd21296000 	C:\WINDOWS\system32\napinsp.dll
0x00007ffd21260000 - 0x00007ffd2127a000 	C:\WINDOWS\system32\pnrpnsp.dll
0x00007ffd24f80000 - 0x00007ffd24f8e000 	C:\WINDOWS\System32\winrnr.dll
0x00007ffd38620000 - 0x00007ffd3863c000 	C:\WINDOWS\system32\NLAapi.dll
0x00007ffd37240000 - 0x00007ffd37255000 	C:\WINDOWS\system32\wshbth.dll
0x000000005c450000 - 0x000000005c476000 	C:\Program Files\Bonjour\mdnsNSP.dll
0x00007ffd344f0000 - 0x00007ffd344fa000 	C:\Windows\System32\rasadhlp.dll
0x00007ffd32fd0000 - 0x00007ffd33047000 	C:\WINDOWS\System32\fwpuclnt.dll

VM Arguments:
jvm_args: -Dfile.encoding=UTF-8 -Xmx512M 
java_command: pihe.registration.app.Server
java_class_path (initial): D:\Files\Documents\mysql-connector-java-8.0.20.jar;D:\Files\Documents\NetBeansProjects\Edureka-Trivia-Game\PIHE-Registration-App\build\classes
Launcher Type: SUN_STANDARD

Environment Variables:
_JAVA_OPTIONS=-Xmx512M
PATH=C:\Program Files\Java\jdk1.8.0_111\bin;D:\Programs\Git\cmd;C:\Program Files\dotnet\;C:\Windows\System32\;C:\Program Files\Java\jdk1.8.0_111\bin;C:\Users\Nxc\AppData\Local\Programs\Microsoft VS Code\bin;C:\Program Files\nodejs;C:\Users\Nxc\.dotnet\tools;C:\Users\Nxc\Desktop\Tools\Xampp\php;C:\Windows\System32\;"C:\Program Files\Java\jdk1.8.0_111\bin;D:\Programs\Git\cmd;C:\Program Files\dotnet\;C:\Windows\System32\;;C:\Program Files\Java\jre1.8.0_111\bin";
USERNAME=Nxc
OS=Windows_NT
PROCESSOR_IDENTIFIER=Intel64 Family 6 Model 158 Stepping 12, GenuineIntel



---------------  S Y S T E M  ---------------

OS: Windows 10.0 , 64 bit Build 18362 (10.0.18362.1082)

CPU:total 8 (8 cores per cpu, 1 threads per core) family 6 model 158 stepping 12, cmov, cx8, fxsr, mmx, sse, sse2, sse3, ssse3, sse4.1, sse4.2, popcnt, avx, avx2, aes, clmul, erms, rtm, 3dnowpref, lzcnt, tsc, tscinvbit, bmi1, bmi2, adx

Memory: 4k page, physical 16690428k(8512728k free), swap 18927852k(5424k free)

vm_info: Java HotSpot(TM) 64-Bit Server VM (25.111-b14) for windows-amd64 JRE (1.8.0_111-b14), built on Sep 22 2016 19:24:05 by "java_re" with MS VC++ 10.0 (VS2010)

time: Mon Oct 19 13:48:35 2020
elapsed time: 2 seconds (0d 0h 0m 2s)

